[I 240517 11:58:29 stock:87] on open
[I 240517 11:59:28 stock:86] on open
[I 240517 12:04:47 stock:87] on open
[I 240517 12:05:45 stock:87] on open
[I 240517 12:08:09 stock:87] on open
[I 240517 12:08:34 stock:87] on open
[I 240517 12:09:55 stock:87] on open
[W 240517 12:16:24 smartWebSocketV2:319] Attempting to resubscribe/reconnect (Attempt 1)...
[E 240517 12:16:34 stock:92] Connection closed
[W 240517 12:16:34 smartWebSocketV2:343] Connection closed due to max retry attempts reached.
[E 240517 12:16:34 stock:92] Connection closed
[W 240517 12:16:34 smartWebSocketV2:343] Connection closed due to max retry attempts reached.
[E 240517 12:16:34 stock:92] Connection closed
[W 240517 12:16:34 smartWebSocketV2:343] Connection closed due to max retry attempts reached.
[I 240517 12:25:24 stock:87] on open
[I 240517 12:39:24 stock:89] on open
[I 240517 12:55:54 stock:109] on open
[I 240517 12:56:49 stock:109] on open
[I 240517 12:57:23 stock:109] on open
[I 240517 13:02:26 stock:107] on open
[I 240517 13:04:28 stock:107] on open
[I 240517 13:07:17 stock:107] on open
[E 240517 13:07:18 smartConnect:243] Error occurred while making a POST request to https://apiconnect.angelbroking.com/rest/secure/angelbroking/order/v1/placeOrder. Error: Failed to get symbol details. URL: https://apiconnect.angelbroking.com/rest/secure/angelbroking/order/v1/placeOrder, Headers: {'Content-type': 'application/json', 'X-ClientLocalIP': '127.0.0.1', 'X-ClientPublicIP': '106.193.147.98', 'X-MACAddress': '08:8f:c3:12:3c:37', 'Accept': 'application/json', 'X-PrivateKey': 'Ue9jYS2x', 'X-UserType': 'USER', 'X-SourceID': 'WEB'}, Request: {'variety': 'NORMAL', 'tradingsymbol': '543320', 'symboltoken': 'ZOMATO-EQ', 'transactiontype': 'BUY', 'exchange': 'NSE', 'ordertype': 'LIMIT', 'producttype': 'INTRADAY', 'duration': 'DAY', 'price': '194.2', 'squareoff': '24.275', 'stoploss': '145.64999999999998', 'quantity': 14}, Response: {'message': 'Failed to get symbol details', 'errorcode': 'AB1018', 'status': False, 'data': None}
[E 240517 13:07:18 smartConnect:336] API request failed: {'message': 'Failed to get symbol details', 'errorcode': 'AB1018', 'status': False, 'data': None}
[I 240517 13:08:29 stock:107] on open
[E 240517 13:08:30 smartConnect:243] Error occurred while making a POST request to https://apiconnect.angelbroking.com/rest/secure/angelbroking/order/v1/placeOrder. Error: Failed to get symbol details. URL: https://apiconnect.angelbroking.com/rest/secure/angelbroking/order/v1/placeOrder, Headers: {'Content-type': 'application/json', 'X-ClientLocalIP': '127.0.0.1', 'X-ClientPublicIP': '106.193.147.98', 'X-MACAddress': '08:8f:c3:12:3c:37', 'Accept': 'application/json', 'X-PrivateKey': 'Ue9jYS2x', 'X-UserType': 'USER', 'X-SourceID': 'WEB'}, Request: {'variety': 'NORMAL', 'tradingsymbol': '5097', 'symboltoken': 'ZOMATO-EQ', 'transactiontype': 'BUY', 'exchange': 'NSE', 'ordertype': 'LIMIT', 'producttype': 'INTRADAY', 'duration': 'DAY', 'price': '194.15', 'squareoff': '24.26875', 'stoploss': '145.6125', 'quantity': 14}, Response: {'message': 'Failed to get symbol details', 'errorcode': 'AB1018', 'status': False, 'data': None}
[E 240517 13:08:30 smartConnect:336] API request failed: {'message': 'Failed to get symbol details', 'errorcode': 'AB1018', 'status': False, 'data': None}
[I 240517 13:12:13 stock:107] on open
[E 240517 13:12:15 smartConnect:243] Error occurred while making a POST request to https://apiconnect.angelbroking.com/rest/secure/angelbroking/order/v1/placeOrder. Error: Failed to get symbol details. URL: https://apiconnect.angelbroking.com/rest/secure/angelbroking/order/v1/placeOrder, Headers: {'Content-type': 'application/json', 'X-ClientLocalIP': '127.0.0.1', 'X-ClientPublicIP': '106.193.147.98', 'X-MACAddress': '08:8f:c3:12:3c:37', 'Accept': 'application/json', 'X-PrivateKey': 'Ue9jYS2x', 'X-UserType': 'USER', 'X-SourceID': 'WEB'}, Request: {'variety': 'NORMAL', 'tradingsymbol': '543320', 'symboltoken': 'ZOMATO', 'transactiontype': 'BUY', 'exchange': 'BSE', 'ordertype': 'LIMIT', 'producttype': 'INTRADAY', 'duration': 'DAY', 'price': '194.35', 'squareoff': '24.29375', 'stoploss': '145.7625', 'quantity': 14}, Response: {'message': 'Failed to get symbol details', 'errorcode': 'AB1018', 'status': False, 'data': None}
[E 240517 13:12:15 smartConnect:336] API request failed: {'message': 'Failed to get symbol details', 'errorcode': 'AB1018', 'status': False, 'data': None}
[W 240517 13:12:30 smartWebSocketV2:319] Attempting to resubscribe/reconnect (Attempt 1)...
[I 240517 13:12:40 stock:107] on open
[I 240517 13:14:55 stock:107] on open
[E 240517 13:14:58 smartConnect:243] Error occurred while making a POST request to https://apiconnect.angelbroking.com/rest/secure/angelbroking/order/v1/placeOrder. Error: Failed to get symbol details. URL: https://apiconnect.angelbroking.com/rest/secure/angelbroking/order/v1/placeOrder, Headers: {'Content-type': 'application/json', 'X-ClientLocalIP': '127.0.0.1', 'X-ClientPublicIP': '106.193.147.98', 'X-MACAddress': '08:8f:c3:12:3c:37', 'Accept': 'application/json', 'X-PrivateKey': 'Ue9jYS2x', 'X-UserType': 'USER', 'X-SourceID': 'WEB'}, Request: {'variety': 'NORMAL', 'tradingsymbol': '5079', 'symboltoken': 'ZOMATO-EQ', 'transactiontype': 'BUY', 'exchange': 'BSE', 'ordertype': 'LIMIT', 'producttype': 'INTRADAY', 'duration': 'DAY', 'price': '194.25', 'squareoff': '24.28125', 'stoploss': '145.6875', 'quantity': 14}, Response: {'message': 'Failed to get symbol details', 'errorcode': 'AB1018', 'status': False, 'data': None}
[E 240517 13:14:58 smartConnect:336] API request failed: {'message': 'Failed to get symbol details', 'errorcode': 'AB1018', 'status': False, 'data': None}
[W 240517 14:54:19 smartWebSocketV2:319] Attempting to resubscribe/reconnect (Attempt 1)...
[E 240517 14:54:29 stock:112] Connection closed
[W 240517 14:54:29 smartWebSocketV2:343] Connection closed due to max retry attempts reached.
[E 240517 14:54:29 stock:112] Connection closed
[W 240517 14:54:29 smartWebSocketV2:343] Connection closed due to max retry attempts reached.
[E 240517 14:54:29 stock:112] Connection closed
[W 240517 14:54:29 smartWebSocketV2:343] Connection closed due to max retry attempts reached.
